<?xml version="1.0" encoding="UTF-8"?>
<!-- Generated by org.testng.reporters.JUnitReportReporter -->
<testsuite hostname="LTIN189629" failures="0" tests="15" name="testCase.TC_003_ReadyToTransformTest" time="184.633" errors="0" timestamp="2024-02-29T17:17:39 IST" skipped="0">
  <testcase classname="testCase.TC_003_ReadyToTransformTest" name="verify_coursera_page" time="22.114"/>
  <testcase classname="testCase.TC_003_ReadyToTransformTest" name="verify_enterprise_page" time="13.112"/>
  <testcase classname="testCase.TC_003_ReadyToTransformTest" name="verify_products" time="8.464"/>
  <testcase classname="testCase.TC_003_ReadyToTransformTest" name="validate_campus_page" time="0.161"/>
  <testcase classname="testCase.TC_003_ReadyToTransformTest" name="validate_first_name" time="0.442"/>
  <testcase classname="testCase.TC_003_ReadyToTransformTest" name="validate_last_name" time="0.457"/>
  <testcase classname="testCase.TC_003_ReadyToTransformTest" name="validate_institution_type" time="0.258"/>
  <testcase classname="testCase.TC_003_ReadyToTransformTest" name="validate_institution_name" time="0.291"/>
  <testcase classname="testCase.TC_003_ReadyToTransformTest" name="validate_job_role" time="0.293"/>
  <testcase classname="testCase.TC_003_ReadyToTransformTest" name="validate_department" time="3.346"/>
  <testcase classname="testCase.TC_003_ReadyToTransformTest" name="validate_description" time="0.253"/>
  <testcase classname="testCase.TC_003_ReadyToTransformTest" name="validate_country" time="30.391"/>
  <testcase classname="testCase.TC_003_ReadyToTransformTest" name="validate_input" time="35.216"/>
  <testcase classname="testCase.TC_003_ReadyToTransformTest" name="validate_input" time="34.817"/>
  <testcase classname="testCase.TC_003_ReadyToTransformTest" name="validate_input" time="35.018"/>
</testsuite> <!-- testCase.TC_003_ReadyToTransformTest -->
