<?xml version="1.0" encoding="UTF-8"?>
<!-- Generated by org.testng.reporters.JUnitReportReporter -->
<testsuite hostname="LTIN189629" failures="0" tests="3" name="testCase.TC_002_LanguageLearningTest" time="7.305" errors="0" timestamp="2024-02-29T17:17:39 IST" skipped="0">
  <testcase classname="testCase.TC_002_LanguageLearningTest" name="validate_language_learning_search" time="3.055"/>
  <testcase classname="testCase.TC_002_LanguageLearningTest" name="validate_language" time="3.671"/>
  <testcase classname="testCase.TC_002_LanguageLearningTest" name="validate_level" time="0.579"/>
</testsuite> <!-- testCase.TC_002_LanguageLearningTest -->
