<?xml version="1.0" encoding="UTF-8"?>
<!-- Generated by org.testng.reporters.JUnitReportReporter -->
<testsuite hostname="LTIN189629" failures="0" tests="4" name="testCase.AllTestCase" time="39.569" errors="0" timestamp="2024-02-21T16:41:49 IST" skipped="0">
  <testcase classname="testCase.AllTestCase" name="validate_course_search" time="11.657"/>
  <testcase classname="testCase.AllTestCase" name="validate_language" time="3.762"/>
  <testcase classname="testCase.AllTestCase" name="validate_level" time="3.908"/>
  <testcase classname="testCase.AllTestCase" name="validate_course" time="20.242"/>
</testsuite> <!-- testCase.AllTestCase -->
