<?xml version="1.0" encoding="UTF-8"?>
<!-- Generated by org.testng.reporters.JUnitReportReporter -->
<testsuite hostname="LTIN189629" failures="0" tests="6" name="testCase.TC_001_WebDevelopmentTest" time="48.483" errors="0" timestamp="2024-02-29T17:17:39 IST" skipped="0">
  <testcase classname="testCase.TC_001_WebDevelopmentTest" name="validate_home_page" time="0.390"/>
  <testcase classname="testCase.TC_001_WebDevelopmentTest" name="validate_course_search" time="11.346"/>
  <testcase classname="testCase.TC_001_WebDevelopmentTest" name="validate_language" time="3.702"/>
  <testcase classname="testCase.TC_001_WebDevelopmentTest" name="validate_level" time="3.725"/>
  <testcase classname="testCase.TC_001_WebDevelopmentTest" name="validate_course1" time="17.577"/>
  <testcase classname="testCase.TC_001_WebDevelopmentTest" name="validate_course2" time="11.743"/>
</testsuite> <!-- testCase.TC_001_WebDevelopmentTest -->
