<?xml version="1.0" encoding="UTF-8"?>
<!-- Generated by org.testng.reporters.JUnitReportReporter -->
<testsuite hostname="LTIN189629" failures="0" tests="15" name="testCase.TC_003_ReadyToTransformTest" time="94.686" errors="0" timestamp="2024-02-29T12:55:57 IST" skipped="0">
  <testcase classname="testCase.TC_003_ReadyToTransformTest" name="verify_coursera_page" time="25.730"/>
  <testcase classname="testCase.TC_003_ReadyToTransformTest" name="verify_enterprise_page" time="11.915"/>
  <testcase classname="testCase.TC_003_ReadyToTransformTest" name="verify_products" time="9.155"/>
  <testcase classname="testCase.TC_003_ReadyToTransformTest" name="validate_campus_page" time="0.205"/>
  <testcase classname="testCase.TC_003_ReadyToTransformTest" name="validate_first_name" time="0.375"/>
  <testcase classname="testCase.TC_003_ReadyToTransformTest" name="validate_last_name" time="0.348"/>
  <testcase classname="testCase.TC_003_ReadyToTransformTest" name="validate_institution_type" time="0.312"/>
  <testcase classname="testCase.TC_003_ReadyToTransformTest" name="validate_institution_name" time="0.291"/>
  <testcase classname="testCase.TC_003_ReadyToTransformTest" name="validate_job_role" time="0.277"/>
  <testcase classname="testCase.TC_003_ReadyToTransformTest" name="validate_department" time="3.246"/>
  <testcase classname="testCase.TC_003_ReadyToTransformTest" name="validate_description" time="0.221"/>
  <testcase classname="testCase.TC_003_ReadyToTransformTest" name="validate_country" time="30.353"/>
  <testcase classname="testCase.TC_003_ReadyToTransformTest" name="validate_input" time="3.970"/>
  <testcase classname="testCase.TC_003_ReadyToTransformTest" name="validate_input" time="3.929"/>
  <testcase classname="testCase.TC_003_ReadyToTransformTest" name="validate_input" time="4.359"/>
</testsuite> <!-- testCase.TC_003_ReadyToTransformTest -->
