<?xml version="1.0" encoding="UTF-8"?>
<!-- Generated by org.testng.reporters.JUnitReportReporter -->
<testsuite hostname="LTIN189629" failures="0" tests="6" name="testCase.TC_001_WebDevelopmentTest" time="50.588" errors="0" timestamp="2024-02-29T12:55:57 IST" skipped="0">
  <testcase classname="testCase.TC_001_WebDevelopmentTest" name="validate_home_page" time="0.543"/>
  <testcase classname="testCase.TC_001_WebDevelopmentTest" name="validate_course_search" time="10.812"/>
  <testcase classname="testCase.TC_001_WebDevelopmentTest" name="validate_language" time="4.208"/>
  <testcase classname="testCase.TC_001_WebDevelopmentTest" name="validate_level" time="4.020"/>
  <testcase classname="testCase.TC_001_WebDevelopmentTest" name="validate_course1" time="18.560"/>
  <testcase classname="testCase.TC_001_WebDevelopmentTest" name="validate_course2" time="12.445"/>
</testsuite> <!-- testCase.TC_001_WebDevelopmentTest -->
