<?xml version="1.0" encoding="UTF-8"?>
<!-- Generated by org.testng.reporters.JUnitReportReporter -->
<testsuite hostname="LTIN189629" failures="0" tests="3" name="testCase.TC_002_LanguageLearningTest" time="8.078" errors="0" timestamp="2024-02-29T12:55:57 IST" skipped="0">
  <testcase classname="testCase.TC_002_LanguageLearningTest" name="validate_language_learning_search" time="3.164"/>
  <testcase classname="testCase.TC_002_LanguageLearningTest" name="validate_language" time="4.128"/>
  <testcase classname="testCase.TC_002_LanguageLearningTest" name="validate_level" time="0.786"/>
</testsuite> <!-- testCase.TC_002_LanguageLearningTest -->
